{"C:\\Users\\Thanh\\ReactJs\\NamVT_Shop\\src\\pages\\signin\\page.tsx": {"path":"C:\\Users\\Thanh\\ReactJs\\NamVT_Shop\\src\\pages\\signin\\page.tsx","statementMap":{"0":{"start":{"line":1,"column":0},"end":{"line":1,"column":42}},"1":{"start":{"line":2,"column":0},"end":{"line":2,"column":58}},"2":{"start":{"line":3,"column":0},"end":{"line":3,"column":33}},"3":{"start":{"line":4,"column":0},"end":{"line":4,"column":40}},"4":{"start":{"line":5,"column":0},"end":{"line":5,"column":49}},"5":{"start":{"line":6,"column":0},"end":{"line":6,"column":49}},"6":{"start":{"line":7,"column":0},"end":{"line":7,"column":47}},"7":{"start":{"line":8,"column":0},"end":{"line":8,"column":31}},"8":{"start":{"line":10,"column":15},"end":{"line":248,"column":1}},"9":{"start":{"line":11,"column":19},"end":{"line":11,"column":32}},"10":{"start":{"line":12,"column":30},"end":{"line":12,"column":50}},"11":{"start":{"line":12,"column":15},"end":{"line":12,"column":17}},"12":{"start":{"line":12,"column":26},"end":{"line":12,"column":30}},"13":{"start":{"line":13,"column":34},"end":{"line":16,"column":4}},"14":{"start":{"line":13,"column":17},"end":{"line":13,"column":19}},"15":{"start":{"line":13,"column":30},"end":{"line":13,"column":34}},"16":{"start":{"line":17,"column":32},"end":{"line":17,"column":47}},"17":{"start":{"line":17,"column":16},"end":{"line":17,"column":18}},"18":{"start":{"line":17,"column":28},"end":{"line":17,"column":32}},"19":{"start":{"line":18,"column":23},"end":{"line":21,"column":3}},"20":{"start":{"line":19,"column":28},"end":{"line":19,"column":36}},"21":{"start":{"line":19,"column":16},"end":{"line":19,"column":18}},"22":{"start":{"line":19,"column":23},"end":{"line":19,"column":28}},"23":{"start":{"line":20,"column":4},"end":{"line":20,"column":48}},"24":{"start":{"line":22,"column":16},"end":{"line":30,"column":3}},"25":{"start":{"line":23,"column":4},"end":{"line":23,"column":23}},"26":{"start":{"line":25,"column":4},"end":{"line":29,"column":7}},"27":{"start":{"line":26,"column":6},"end":{"line":28,"column":7}},"28":{"start":{"line":27,"column":8},"end":{"line":27,"column":23}},"29":{"start":{"line":31,"column":25},"end":{"line":45,"column":3}},"30":{"start":{"line":32,"column":35},"end":{"line":32,"column":44}},"31":{"start":{"line":33,"column":18},"end":{"line":33,"column":20}},"32":{"start":{"line":35,"column":6},"end":{"line":35,"column":62}},"33":{"start":{"line":36,"column":4},"end":{"line":43,"column":5}},"34":{"start":{"line":37,"column":6},"end":{"line":37,"column":39}},"35":{"start":{"line":38,"column":11},"end":{"line":43,"column":5}},"36":{"start":{"line":39,"column":6},"end":{"line":39,"column":52}},"37":{"start":{"line":40,"column":11},"end":{"line":43,"column":5}},"38":{"start":{"line":41,"column":6},"end":{"line":42,"column":80}},"39":{"start":{"line":44,"column":4},"end":{"line":44,"column":16}},"40":{"start":{"line":46,"column":23},"end":{"line":91,"column":3}},"41":{"start":{"line":47,"column":4},"end":{"line":90,"column":9}},"42":{"start":{"line":54,"column":8},"end":{"line":58,"column":9}},"43":{"start":{"line":55,"column":10},"end":{"line":55,"column":40}},"44":{"start":{"line":56,"column":15},"end":{"line":58,"column":9}},"45":{"start":{"line":57,"column":10},"end":{"line":57,"column":44}},"46":{"start":{"line":59,"column":8},"end":{"line":59,"column":31}},"47":{"start":{"line":62,"column":8},"end":{"line":81,"column":9}},"48":{"start":{"line":63,"column":10},"end":{"line":63,"column":61}},"49":{"start":{"line":64,"column":10},"end":{"line":64,"column":53}},"50":{"start":{"line":65,"column":10},"end":{"line":65,"column":53}},"51":{"start":{"line":66,"column":10},"end":{"line":72,"column":13}},"52":{"start":{"line":73,"column":10},"end":{"line":73,"column":41}},"53":{"start":{"line":75,"column":10},"end":{"line":80,"column":13}},"54":{"start":{"line":84,"column":8},"end":{"line":89,"column":11}},"55":{"start":{"line":92,"column":25},"end":{"line":97,"column":3}},"56":{"start":{"line":93,"column":17},"end":{"line":93,"column":25}},"57":{"start":{"line":94,"column":4},"end":{"line":94,"column":23}},"58":{"start":{"line":95,"column":4},"end":{"line":95,"column":54}},"59":{"start":{"line":96,"column":4},"end":{"line":96,"column":54}},"60":{"start":{"line":98,"column":2},"end":{"line":247,"column":4}},"61":{"start":{"line":249,"column":0},"end":{"line":249,"column":22}}},"fnMap":{"0":{"name":"(anonymous_9)","decl":{"start":{"line":10,"column":15},"end":{"line":10,"column":null}},"loc":{"start":{"line":10,"column":15},"end":{"line":248,"column":1}}},"1":{"name":"(anonymous_10)","decl":{"start":{"line":18,"column":23},"end":{"line":18,"column":24}},"loc":{"start":{"line":18,"column":25},"end":{"line":21,"column":3}}},"2":{"name":"(anonymous_11)","decl":{"start":{"line":22,"column":16},"end":{"line":22,"column":17}},"loc":{"start":{"line":22,"column":18},"end":{"line":30,"column":3}}},"3":{"name":"(anonymous_12)","decl":{"start":{"line":25,"column":20},"end":{"line":25,"column":null}},"loc":{"start":{"line":25,"column":20},"end":{"line":29,"column":5}}},"4":{"name":"(anonymous_13)","decl":{"start":{"line":31,"column":25},"end":{"line":31,"column":null}},"loc":{"start":{"line":31,"column":25},"end":{"line":45,"column":3}}},"5":{"name":"(anonymous_14)","decl":{"start":{"line":46,"column":23},"end":{"line":46,"column":null}},"loc":{"start":{"line":46,"column":23},"end":{"line":91,"column":3}}},"6":{"name":"(anonymous_15)","decl":{"start":{"line":53,"column":12},"end":{"line":53,"column":13}},"loc":{"start":{"line":53,"column":64},"end":{"line":60,"column":7}}},"7":{"name":"(anonymous_16)","decl":{"start":{"line":61,"column":12},"end":{"line":61,"column":13}},"loc":{"start":{"line":61,"column":17},"end":{"line":82,"column":7}}},"8":{"name":"(anonymous_17)","decl":{"start":{"line":83,"column":13},"end":{"line":83,"column":14}},"loc":{"start":{"line":83,"column":17},"end":{"line":90,"column":7}}},"9":{"name":"(anonymous_18)","decl":{"start":{"line":92,"column":25},"end":{"line":92,"column":null}},"loc":{"start":{"line":92,"column":25},"end":{"line":97,"column":3}}},"10":{"name":"(anonymous_19)","decl":{"start":{"line":217,"column":29},"end":{"line":217,"column":36}},"loc":{"start":{"line":217,"column":29},"end":{"line":217,"column":37}}}},"branchMap":{"0":{"loc":{"start":{"line":26,"column":6},"end":{"line":28,"column":7}},"type":"if","locations":[{"start":{"line":26,"column":6},"end":{"line":28,"column":7}}]},"1":{"loc":{"start":{"line":36,"column":4},"end":{"line":43,"column":5}},"type":"if","locations":[{"start":{"line":36,"column":4},"end":{"line":43,"column":5}},{"start":{"line":38,"column":11},"end":{"line":43,"column":5}}]},"2":{"loc":{"start":{"line":36,"column":8},"end":{"line":36,"column":40}},"type":"binary-expr","locations":[{"start":{"line":36,"column":8},"end":{"line":36,"column":22}},{"start":{"line":36,"column":26},"end":{"line":36,"column":40}}]},"3":{"loc":{"start":{"line":38,"column":11},"end":{"line":43,"column":5}},"type":"if","locations":[{"start":{"line":38,"column":11},"end":{"line":43,"column":5}},{"start":{"line":40,"column":11},"end":{"line":43,"column":5}}]},"4":{"loc":{"start":{"line":40,"column":11},"end":{"line":43,"column":5}},"type":"if","locations":[{"start":{"line":40,"column":11},"end":{"line":43,"column":5}}]},"5":{"loc":{"start":{"line":54,"column":8},"end":{"line":58,"column":9}},"type":"if","locations":[{"start":{"line":54,"column":8},"end":{"line":58,"column":9}},{"start":{"line":56,"column":15},"end":{"line":58,"column":9}}]},"6":{"loc":{"start":{"line":54,"column":12},"end":{"line":54,"column":73}},"type":"binary-expr","locations":[{"start":{"line":54,"column":12},"end":{"line":54,"column":24}},{"start":{"line":54,"column":28},"end":{"line":54,"column":73}}]},"7":{"loc":{"start":{"line":56,"column":15},"end":{"line":58,"column":9}},"type":"if","locations":[{"start":{"line":56,"column":15},"end":{"line":58,"column":9}}]},"8":{"loc":{"start":{"line":62,"column":8},"end":{"line":81,"column":9}},"type":"if","locations":[{"start":{"line":62,"column":8},"end":{"line":81,"column":9}},{"start":{"line":74,"column":15},"end":{"line":81,"column":9}}]}},"s":{"0":1,"1":1,"2":1,"3":1,"4":1,"5":1,"6":1,"7":1,"8":1,"9":2,"10":0,"11":0,"12":0,"13":0,"14":0,"15":0,"16":0,"17":0,"18":0,"19":0,"20":0,"21":0,"22":0,"23":0,"24":0,"25":0,"26":0,"27":0,"28":0,"29":0,"30":0,"31":0,"32":0,"33":0,"34":0,"35":0,"36":0,"37":0,"38":0,"39":0,"40":0,"41":0,"42":0,"43":0,"44":0,"45":0,"46":0,"47":0,"48":0,"49":0,"50":0,"51":0,"52":0,"53":0,"54":0,"55":0,"56":0,"57":0,"58":0,"59":0,"60":0,"61":1},"f":{"0":2,"1":0,"2":0,"3":0,"4":0,"5":0,"6":0,"7":0,"8":0,"9":0,"10":0},"b":{"0":[0],"1":[0,0],"2":[0,0],"3":[0,0],"4":[0],"5":[0,0],"6":[0,0],"7":[0],"8":[0,0]}}
,"C:\\Users\\Thanh\\ReactJs\\NamVT_Shop\\src\\service\\api.ts": {"path":"C:\\Users\\Thanh\\ReactJs\\NamVT_Shop\\src\\service\\api.ts","statementMap":{"0":{"start":{"line":1,"column":0},"end":{"line":1,"column":46}},"1":{"start":{"line":2,"column":0},"end":{"line":2,"column":26}},"2":{"start":{"line":3,"column":64},"end":{"line":3,"column":100}},"3":{"start":{"line":7,"column":6},"end":{"line":13,"column":4}},"4":{"start":{"line":14,"column":19},"end":{"line":14,"column":null}},"5":{"start":{"line":14,"column":8},"end":{"line":14,"column":null}},"6":{"start":{"line":15,"column":2},"end":{"line":15,"column":18}},"7":{"start":{"line":3,"column":0},"end":{"line":3,"column":22}},"8":{"start":{"line":18,"column":15},"end":{"line":18,"column":30}},"9":{"start":{"line":19,"column":21},"end":{"line":32,"column":2}},"10":{"start":{"line":21,"column":4},"end":{"line":21,"column":31}},"11":{"start":{"line":24,"column":11},"end":{"line":24,"column":44}},"12":{"start":{"line":24,"column":4},"end":{"line":24,"column":44}},"13":{"start":{"line":27,"column":11},"end":{"line":27,"column":54}},"14":{"start":{"line":27,"column":4},"end":{"line":27,"column":54}},"15":{"start":{"line":30,"column":11},"end":{"line":30,"column":51}},"16":{"start":{"line":30,"column":4},"end":{"line":30,"column":51}},"17":{"start":{"line":33,"column":9},"end":{"line":33,"column":21}}},"fnMap":{"0":{"name":"callAPIFetch","decl":{"start":{"line":3,"column":22},"end":{"line":3,"column":34}},"loc":{"start":{"line":3,"column":110},"end":{"line":16,"column":null}}},"1":{"name":"(anonymous_17)","decl":{"start":{"line":20,"column":15},"end":{"line":20,"column":null}},"loc":{"start":{"line":20,"column":15},"end":{"line":22,"column":null}}},"2":{"name":"(anonymous_20)","decl":{"start":{"line":23,"column":15},"end":{"line":23,"column":16}},"loc":{"start":{"line":23,"column":25},"end":{"line":25,"column":null}}},"3":{"name":"(anonymous_23)","decl":{"start":{"line":26,"column":12},"end":{"line":26,"column":13}},"loc":{"start":{"line":26,"column":34},"end":{"line":28,"column":null}}},"4":{"name":"(anonymous_26)","decl":{"start":{"line":29,"column":14},"end":{"line":29,"column":15}},"loc":{"start":{"line":29,"column":25},"end":{"line":31,"column":null}}}},"branchMap":{"0":{"loc":{"start":{"line":3,"column":64},"end":{"line":3,"column":100}},"type":"if","locations":[{"start":{"line":3,"column":64},"end":{"line":3,"column":100}}]},"1":{"loc":{"start":{"line":8,"column":12},"end":{"line":8,"column":50}},"type":"cond-expr","locations":[{"start":{"line":8,"column":21},"end":{"line":8,"column":27}},{"start":{"line":8,"column":30},"end":{"line":8,"column":50}}]},"2":{"loc":{"start":{"line":24,"column":11},"end":{"line":24,"column":44}},"type":"switch","locations":[{"start":{"line":24,"column":11},"end":{"line":24,"column":44}},{"start":{"line":24,"column":4},"end":{"line":24,"column":44}}]},"3":{"loc":{"start":{"line":27,"column":11},"end":{"line":27,"column":54}},"type":"switch","locations":[{"start":{"line":27,"column":11},"end":{"line":27,"column":54}},{"start":{"line":27,"column":4},"end":{"line":27,"column":54}}]},"4":{"loc":{"start":{"line":30,"column":11},"end":{"line":30,"column":51}},"type":"switch","locations":[{"start":{"line":30,"column":11},"end":{"line":30,"column":51}},{"start":{"line":30,"column":4},"end":{"line":30,"column":51}}]}},"s":{"0":1,"1":1,"2":0,"3":0,"4":0,"5":0,"6":0,"7":1,"8":1,"9":1,"10":0,"11":0,"12":0,"13":0,"14":0,"15":0,"16":0,"17":1},"f":{"0":0,"1":0,"2":0,"3":0,"4":0},"b":{"0":[0],"1":[0,0],"2":[0,0],"3":[0,0],"4":[0,0]}}
,"C:\\Users\\Thanh\\ReactJs\\NamVT_Shop\\src\\utils\\constant.ts": {"path":"C:\\Users\\Thanh\\ReactJs\\NamVT_Shop\\src\\utils\\constant.ts","statementMap":{"0":{"start":{"line":1,"column":13},"end":{"line":58,"column":2}}},"fnMap":{},"branchMap":{},"s":{"0":1},"f":{},"b":{}}
}
