TN:
SF:src\pages\signin\page.tsx
FN:10,(anonymous_9)
FN:18,(anonymous_10)
FN:22,(anonymous_11)
FN:25,(anonymous_12)
FN:31,(anonymous_13)
FN:46,(anonymous_14)
FN:53,(anonymous_15)
FN:61,(anonymous_16)
FN:83,(anonymous_17)
FN:92,(anonymous_18)
FN:217,(anonymous_19)
FNF:11
FNH:1
FNDA:2,(anonymous_9)
FNDA:0,(anonymous_10)
FNDA:0,(anonymous_11)
FNDA:0,(anonymous_12)
FNDA:0,(anonymous_13)
FNDA:0,(anonymous_14)
FNDA:0,(anonymous_15)
FNDA:0,(anonymous_16)
FNDA:0,(anonymous_17)
FNDA:0,(anonymous_18)
FNDA:0,(anonymous_19)
DA:1,1
DA:2,1
DA:3,1
DA:4,1
DA:5,1
DA:6,1
DA:7,1
DA:8,1
DA:10,1
DA:11,2
DA:12,0
DA:13,0
DA:17,0
DA:18,0
DA:19,0
DA:20,0
DA:22,0
DA:23,0
DA:25,0
DA:26,0
DA:27,0
DA:31,0
DA:32,0
DA:33,0
DA:35,0
DA:36,0
DA:37,0
DA:38,0
DA:39,0
DA:40,0
DA:41,0
DA:44,0
DA:46,0
DA:47,0
DA:54,0
DA:55,0
DA:56,0
DA:57,0
DA:59,0
DA:62,0
DA:63,0
DA:64,0
DA:65,0
DA:66,0
DA:73,0
DA:75,0
DA:84,0
DA:92,0
DA:93,0
DA:94,0
DA:95,0
DA:96,0
DA:98,0
DA:249,1
LF:54
LH:11
BRDA:26,0,0,0
BRDA:36,1,0,0
BRDA:36,1,1,0
BRDA:36,2,0,0
BRDA:36,2,1,0
BRDA:38,3,0,0
BRDA:38,3,1,0
BRDA:40,4,0,0
BRDA:54,5,0,0
BRDA:54,5,1,0
BRDA:54,6,0,0
BRDA:54,6,1,0
BRDA:56,7,0,0
BRDA:62,8,0,0
BRDA:62,8,1,0
BRF:15
BRH:0
end_of_record
TN:
SF:src\service\api.ts
FN:3,callAPIFetch
FN:20,(anonymous_17)
FN:23,(anonymous_20)
FN:26,(anonymous_23)
FN:29,(anonymous_26)
FNF:5
FNH:0
FNDA:0,callAPIFetch
FNDA:0,(anonymous_17)
FNDA:0,(anonymous_20)
FNDA:0,(anonymous_23)
FNDA:0,(anonymous_26)
DA:1,1
DA:2,1
DA:3,1
DA:7,0
DA:14,0
DA:15,0
DA:18,1
DA:19,1
DA:21,0
DA:24,0
DA:27,0
DA:30,0
DA:33,1
LF:13
LH:6
BRDA:3,0,0,0
BRDA:8,1,0,0
BRDA:8,1,1,0
BRDA:24,2,0,0
BRDA:24,2,1,0
BRDA:27,3,0,0
BRDA:27,3,1,0
BRDA:30,4,0,0
BRDA:30,4,1,0
BRF:9
BRH:0
end_of_record
TN:
SF:src\utils\constant.ts
FNF:0
FNH:0
DA:1,1
LF:1
LH:1
BRF:0
BRH:0
end_of_record
